   1        0.0000000      0.0000000      0.0000000     2.00000       -100.99173     2.00000         -3.76279     0.35693          0.44296     0.35693          0.44296
   2        0.0000000      0.0000000      0.0050000     2.00000       -100.99172     2.00000         -3.76221     0.35605          0.44377     0.35605          0.44377
   3        0.0000000      0.0000000      0.0100000     2.00000       -100.99171     2.00000         -3.76049     0.35342          0.44620     0.35342          0.44620
   4        0.0000000      0.0000000      0.0150000     2.00000       -100.99169     2.00000         -3.75762     0.34907          0.45025     0.34907          0.45025
   5        0.0000000      0.0000000      0.0200000     2.00000       -100.99167     2.00000         -3.75360     0.34304          0.45592     0.34304          0.45592
   6        0.0000000      0.0000000      0.0250000     2.00000       -100.99164     2.00000         -3.74844     0.33538          0.46320     0.33538          0.46320
   7        0.0000000      0.0000000      0.0300000     2.00000       -100.99160     2.00000         -3.74212     0.32617          0.47211     0.32617          0.47211
   8        0.0000000      0.0000000      0.0350000     2.00000       -100.99155     2.00000         -3.73467     0.31550          0.48264     0.31550          0.48264
   9        0.0000000      0.0000000      0.0400000     2.00000       -100.99150     2.00000         -3.72607     0.30347          0.49478     0.30347          0.49478
  10        0.0000000      0.0000000      0.0450000     2.00000       -100.99144     2.00000         -3.71633     0.29022          0.50855     0.29022          0.50855
  11        0.0000000      0.0000000      0.0500000     2.00000       -100.99137     2.00000         -3.70545     0.27588          0.52393     0.27588          0.52393
  12        0.0000000      0.0000000      0.0550000     2.00000       -100.99130     2.00000         -3.69344     0.26060          0.54093     0.26060          0.54093
  13        0.0000000      0.0000000      0.0600000     2.00000       -100.99122     2.00000         -3.68029     0.24455          0.55954     0.24455          0.55954
  14        0.0000000      0.0000000      0.0650000     2.00000       -100.99113     2.00000         -3.66601     0.22790          0.57978     0.22790          0.57978
  15        0.0000000      0.0000000      0.0700000     2.00000       -100.99104     2.00000         -3.65060     0.21085          0.60163     0.21085          0.60163
  16        0.0000000      0.0000000      0.0750000     2.00000       -100.99094     2.00000         -3.63407     0.19359          0.62510     0.19359          0.62510
  17        0.0000000      0.0000000      0.0800000     2.00000       -100.99084     2.00000         -3.61641     0.17631          0.65018     0.17631          0.65018
  18        0.0000000      0.0000000      0.0850000     2.00000       -100.99072     2.00000         -3.59764     0.15922          0.67688     0.15922          0.67688
  19        0.0000000      0.0000000      0.0900000     2.00000       -100.99061     2.00000         -3.57775     0.14249          0.70519     0.14249          0.70519
  20        0.0000000      0.0000000      0.0950000     2.00000       -100.99048     2.00000         -3.55676     0.12631          0.73511     0.12631          0.73511
  21        0.0000000      0.0000000      0.1000000     2.00000       -100.99035     2.00000         -3.53466     0.11084          0.76665     0.11084          0.76665
  22        0.0000000      0.0000000      0.1050000     2.00000       -100.99022     2.00000         -3.51146     0.09624          0.79979     0.09624          0.79979
  23        0.0000000      0.0000000      0.1100000     2.00000       -100.99007     2.00000         -3.48717     0.08263          0.83455     0.08263          0.83455
  24        0.0000000      0.0000000      0.1150000     2.00000       -100.98993     2.00000         -3.46179     0.07010          0.87092     0.07010          0.87092
  25        0.0000000      0.0000000      0.1200000     2.00000       -100.98978     2.00000         -3.43533     0.05873          0.90889     0.05873          0.90889
  26        0.0000000      0.0000000      0.1250000     2.00000       -100.98962     2.00000         -3.40779     0.04855          0.94847     0.04855          0.94847
  27        0.0000000      0.0000000      0.1300000     2.00000       -100.98946     2.00000         -3.37918     0.03957          0.98966     0.03957          0.98966
  28        0.0000000      0.0000000      0.1350000     2.00000       -100.98929     2.00000         -3.34952     0.03178          1.03245     0.03178          1.03245
  29        0.0000000      0.0000000      0.1400000     2.00000       -100.98912     2.00000         -3.31880     0.02512          1.07684     0.02512          1.07684
  30        0.0000000      0.0000000      0.1450000     2.00000       -100.98894     2.00000         -3.28703     0.01953          1.12284     0.01953          1.12284
  31        0.0000000      0.0000000      0.1500000     2.00000       -100.98876     2.00000         -3.25422     0.01493          1.17043     0.01493          1.17043
  32        0.0000000      0.0000000      0.1550000     2.00000       -100.98857     2.00000         -3.22039     0.01120          1.21962     0.01120          1.21962
  33        0.0000000      0.0000000      0.1600000     2.00000       -100.98838     2.00000         -3.18554     0.00824          1.27041     0.00824          1.27041
  34        0.0000000      0.0000000      0.1650000     2.00000       -100.98819     2.00000         -3.14967     0.00594          1.32279     0.00594          1.32279
  35        0.0000000      0.0000000      0.1700000     2.00000       -100.98800     2.00000         -3.11281     0.00419          1.37677     0.00419          1.37677
  36        0.0000000      0.0000000      0.1750000     2.00000       -100.98780     2.00000         -3.07495     0.00289          1.43233     0.00289          1.43233
  37        0.0000000      0.0000000      0.1800000     2.00000       -100.98759     2.00000         -3.03612     0.00195          1.48948     0.00195          1.48948
  38        0.0000000      0.0000000      0.1850000     2.00000       -100.98739     2.00000         -2.99632     0.00128          1.54822     0.00128          1.54822
  39        0.0000000      0.0000000      0.1900000     2.00000       -100.98718     2.00000         -2.95556     0.00082          1.60854     0.00082          1.60854
  40        0.0000000      0.0000000      0.1950000     2.00000       -100.98697     2.00000         -2.91386     0.00051          1.67043     0.00051          1.67043
  41        0.0000000      0.0000000      0.2000000     2.00000       -100.98675     2.00000         -2.87124     0.00031          1.73391     0.00031          1.73391
  42        0.0000000      0.0000000      0.2050000     2.00000       -100.98653     2.00000         -2.82770     0.00018          1.79896     0.00018          1.79896
  43        0.0000000      0.0000000      0.2100000     2.00000       -100.98632     2.00000         -2.78326     0.00010          1.86558     0.00010          1.86558
  44        0.0000000      0.0000000      0.2150000     2.00000       -100.98610     2.00000         -2.73793     0.00006          1.93377     0.00006          1.93377
  45        0.0000000      0.0000000      0.2200000     2.00000       -100.98587     2.00000         -2.69174     0.00003          2.00353     0.00003          2.00353
  46        0.0000000      0.0000000      0.2250000     2.00000       -100.98565     2.00000         -2.64469     0.00002          2.07484     0.00002          2.07484
  47        0.0000000      0.0000000      0.2300000     2.00000       -100.98543     2.00000         -2.59682     0.00001          2.14771     0.00001          2.14771
  48        0.0000000      0.0000000      0.2350000     2.00000       -100.98520     2.00000         -2.54813     0.00000          2.22214     0.00000          2.22214
  49        0.0000000      0.0000000      0.2400000     2.00000       -100.98498     2.00000         -2.49864     0.00000          2.29811     0.00000          2.29811
  50        0.0000000      0.0000000      0.2450000     2.00000       -100.98475     2.00000         -2.44838     0.00000          2.37562     0.00000          2.37562
  51        0.0000000      0.0000000      0.2500000     2.00000       -100.98452     2.00000         -2.39738     0.00000          2.45468     0.00000          2.45468
  52        0.0000000      0.0000000      0.2550000     2.00000       -100.98430     2.00000         -2.34564     0.00000          2.53526     0.00000          2.53526
  53        0.0000000      0.0000000      0.2600000     2.00000       -100.98407     2.00000         -2.29321     0.00000          2.61738     0.00000          2.61738
  54        0.0000000      0.0000000      0.2650000     2.00000       -100.98385     2.00000         -2.24009     0.00000          2.70101     0.00000          2.70101
  55        0.0000000      0.0000000      0.2700000     2.00000       -100.98362     1.99999         -2.18633     0.00000          2.78616     0.00000          2.78616
  56        0.0000000      0.0000000      0.2750000     2.00000       -100.98340     1.99999         -2.13195     0.00000          2.87282     0.00000          2.87282
  57        0.0000000      0.0000000      0.2800000     2.00000       -100.98317     1.99998         -2.07697     0.00000          2.96098     0.00000          2.96098
  58        0.0000000      0.0000000      0.2850000     2.00000       -100.98295     1.99997         -2.02145     0.00000          3.05062     0.00000          3.05062
  59        0.0000000      0.0000000      0.2900000     2.00000       -100.98273     1.99996         -1.96539     0.00000          3.14175     0.00000          3.14175
  60        0.0000000      0.0000000      0.2950000     2.00000       -100.98251     1.99993         -1.90886     0.00000          3.23435     0.00000          3.23435
  61        0.0000000      0.0000000      0.3000000     2.00000       -100.98230     1.99988         -1.85187     0.00000          3.32841     0.00000          3.32841
  62        0.0000000      0.0000000      0.3050000     2.00000       -100.98208     1.99981         -1.79448     0.00000          3.42392     0.00000          3.42392
  63        0.0000000      0.0000000      0.3100000     2.00000       -100.98187     1.99970         -1.73672     0.00000          3.52086     0.00000          3.52086
  64        0.0000000      0.0000000      0.3150000     2.00000       -100.98166     1.99952         -1.67864     0.00000          3.61922     0.00000          3.61922
  65        0.0000000      0.0000000      0.3200000     2.00000       -100.98146     1.99925         -1.62030     0.00000          3.71899     0.00000          3.71899
  66        0.0000000      0.0000000      0.3250000     2.00000       -100.98125     1.99884         -1.56173     0.00000          3.82014     0.00000          3.82014
  67        0.0000000      0.0000000      0.3300000     2.00000       -100.98105     1.99823         -1.50300     0.00000          3.92265     0.00000          3.92265
  68        0.0000000      0.0000000      0.3350000     2.00000       -100.98086     1.99733         -1.44417     0.00000          4.02650     0.00000          4.02650
  69        0.0000000      0.0000000      0.3400000     2.00000       -100.98066     1.99604         -1.38529     0.00000          4.13167     0.00000          4.13167
  70        0.0000000      0.0000000      0.3450000     2.00000       -100.98047     1.99420         -1.32643     0.00000          4.23812     0.00000          4.23812
  71        0.0000000      0.0000000      0.3500000     2.00000       -100.98029     1.99162         -1.26767     0.00000          4.34583     0.00000          4.34583
  72        0.0000000      0.0000000      0.3550000     2.00000       -100.98011     1.98808         -1.20907     0.00000          4.45475     0.00000          4.45475
  73        0.0000000      0.0000000      0.3600000     2.00000       -100.97993     1.98330         -1.15071     0.00000          4.56483     0.00000          4.56483
  74        0.0000000      0.0000000      0.3650000     2.00000       -100.97976     1.97694         -1.09268     0.00000          4.67604     0.00000          4.67604
  75        0.0000000      0.0000000      0.3700000     2.00000       -100.97959     1.96865         -1.03506     0.00000          4.78831     0.00000          4.78831
  76        0.0000000      0.0000000      0.3750000     2.00000       -100.97943     1.95804         -0.97796     0.00000          4.90158     0.00000          4.90158
  77        0.0000000      0.0000000      0.3800000     2.00000       -100.97927     1.94468         -0.92146     0.00000          5.01577     0.00000          5.01577
  78        0.0000000      0.0000000      0.3850000     2.00000       -100.97912     1.92820         -0.86567     0.00000          5.13079     0.00000          5.13080
  79        0.0000000      0.0000000      0.3900000     2.00000       -100.97897     1.90821         -0.81071     0.00000          5.24655     0.00000          5.24655
  80        0.0000000      0.0000000      0.3950000     2.00000       -100.97883     1.88444         -0.75669     0.00000          5.36291     0.00000          5.36291
  81        0.0000000      0.0000000      0.4000000     2.00000       -100.97869     1.85669         -0.70373     0.00000          5.47974     0.00000          5.47974
  82        0.0000000      0.0000000      0.4050000     2.00000       -100.97856     1.82487         -0.65196     0.00000          5.59686     0.00000          5.59686
  83        0.0000000      0.0000000      0.4100000     2.00000       -100.97844     1.78907         -0.60153     0.00000          5.71410     0.00000          5.71410
  84        0.0000000      0.0000000      0.4150000     2.00000       -100.97832     1.74951         -0.55256     0.00000          5.83120     0.00000          5.83120
  85        0.0000000      0.0000000      0.4200000     2.00000       -100.97821     1.70660         -0.50520     0.00000          5.91059     0.00000          5.94791
  86        0.0000000      0.0000000      0.4250000     2.00000       -100.97810     1.66086         -0.45961     0.00000          5.85493     0.00000          6.06390
  87        0.0000000      0.0000000      0.4300000     2.00000       -100.97800     1.61299         -0.41594     0.00000          5.80122     0.00000          6.17877
  88        0.0000000      0.0000000      0.4350000     2.00000       -100.97791     1.56375         -0.37435     0.00000          5.74974     0.00000          6.29209
  89        0.0000000      0.0000000      0.4400000     2.00000       -100.97782     1.51401         -0.33500     0.00000          5.70079     0.00000          6.40331
  90        0.0000000      0.0000000      0.4450000     2.00000       -100.97774     1.46463         -0.29804     0.00000          5.65465     0.00000          6.51181
  91        0.0000000      0.0000000      0.4500000     2.00000       -100.97767     1.41650         -0.26363     0.00000          5.61157     0.00000          6.61683
  92        0.0000000      0.0000000      0.4550000     2.00000       -100.97760     1.37046         -0.23194     0.00000          5.57180     0.00000          6.71753
  93        0.0000000      0.0000000      0.4600000     2.00000       -100.97754     1.32728         -0.20311     0.00000          5.53556     0.00000          6.81291
  94        0.0000000      0.0000000      0.4650000     2.00000       -100.97749     1.28766         -0.17729     0.00000          5.50306     0.00000          6.90183
  95        0.0000000      0.0000000      0.4700000     2.00000       -100.97744     1.25221         -0.15461     0.00000          5.47450     0.00000          6.98304
  96        0.0000000      0.0000000      0.4750000     2.00000       -100.97740     1.22142         -0.13520     0.00000          5.45002     0.00000          7.05518
  97        0.0000000      0.0000000      0.4800000     2.00000       -100.97737     1.19572         -0.11916     0.00000          5.42980     0.00000          7.11683
  98        0.0000000      0.0000000      0.4850000     2.00000       -100.97735     1.17542         -0.10658     0.00000          5.41393     0.00000          7.16660
  99        0.0000000      0.0000000      0.4900000     2.00000       -100.97733     1.16075         -0.09754     0.00000          5.40253     0.00000          7.20321
 100        0.0000000      0.0000000      0.4950000     2.00000       -100.97732     1.15189         -0.09210     0.00000          5.39566     0.00000          7.22563
 101        0.0000000      0.0000000      0.5000000     2.00000       -100.97732     1.14893         -0.09028     0.00000          5.39337     0.00000          7.23318
