Restoring modules from user's aims
Read in structure.
Atomic positions:
[[ 9.17337987e+00  9.64067763e+00  9.22264290e-01]
 [ 1.25970436e+01  9.06219836e+00  1.22071447e+00]
 [ 1.16104499e+01  7.16908155e+00 -2.68212000e-03]
 [ 9.67592936e+00  6.23131177e+00  1.22079654e+00]
 [ 7.55659953e+00  6.57863063e+00 -2.64952000e-03]
 [ 6.04711868e+00  8.10282994e+00  1.22072842e+00]
 [ 5.73661707e+00  1.02242093e+01 -2.54751000e-03]
 [ 6.72373783e+00  1.21175590e+01  1.22109659e+00]
 [ 8.65689885e+00  1.30572907e+01 -2.47333000e-03]
 [ 1.07765708e+01  1.27071530e+01  1.22082029e+00]
 [ 1.22867522e+01  1.11843898e+01 -3.05336000e-03]
 [ 1.24059745e+01  8.36521853e+00 -2.83078000e-03]
 [ 1.10321011e+01  6.72107452e+00  1.22041822e+00]
 [ 8.95070070e+00  6.20217929e+00 -3.24578000e-03]
 [ 6.94254982e+00  6.97494505e+00  1.22084553e+00]
 [ 5.79739107e+00  8.78590342e+00 -2.53097000e-03]
 [ 5.92827893e+00  1.09205912e+01  1.22090935e+00]
 [ 7.30075727e+00  1.25673149e+01 -2.16837000e-03]
 [ 9.38237459e+00  1.30836149e+01  1.22153133e+00]
 [ 1.13915659e+01  1.23120488e+01 -2.48262000e-03]
 [ 1.25359538e+01  1.05008087e+01  1.22056780e+00]]

Unit cell:
Cell([[19.1230500920856, -0.786458438781509, -0.00473684487563405], [0.785459901084019, 18.5034761550599, -0.00461234345356856], [-0.00505965426374022, 0.00023807418300801, 2.44677315902897]])

PBCs:
[False False  True]

/home/m/msupxs/.local/lib/python3.9/site-packages/ase/io/aims.py:232: UserWarning: Setting scaled to True because a symmetry_block is detected.
  warnings.warn(
Calculated forces:
[[ 6.42487026e-04 -2.05070545e-04  7.35767328e-04]
 [-2.56727406e-05  4.17196307e-04  7.13535363e-05]
 [-1.09962291e-04 -2.08693133e-04 -3.33337430e-04]
 [ 4.91474853e-04 -7.39868205e-05 -7.11151704e-04]
 [ 1.66681909e-03 -9.80926694e-04  3.92202741e-03]
 [ 3.52425572e-04 -1.01677489e-03 -4.66986177e-03]
 [-2.85267147e-04 -1.79546300e-03  4.19926869e-03]
 [-1.00182723e-03 -8.40625551e-04 -4.09054459e-03]
 [-8.03322918e-04  7.26645075e-06  4.61248959e-04]
 [-8.62258481e-04  4.28487595e-04  6.27758823e-04]
 [ 9.64238632e-05 -1.14109089e-05  4.30494086e-04]
 [-3.61119074e-05 -1.49969413e-04  2.66145457e-04]
 [ 4.17149176e-04  1.52283751e-04  5.88506561e-04]
 [-1.26798993e-03  1.05348030e-04  4.86822535e-04]
 [-1.56104625e-03  9.13275243e-04 -4.03854658e-03]
 [-3.93717600e-04  1.73253853e-03  4.17111114e-03]
 [ 5.20026630e-04  1.48881077e-03 -4.73678648e-03]
 [ 5.62564835e-04  5.75743476e-04  3.92846361e-03]
 [ 1.11360324e-03 -1.36076484e-04 -7.17447690e-04]
 [ 4.77085540e-04 -6.21628292e-05 -4.35547490e-04]
 [ 7.11666133e-06 -3.39789877e-04 -1.55744408e-04]]

Calculated energy:
-21141.6499234289
