Restoring modules from user's aims
Read in structure.
Atomic positions:
[[ 1.25970436e+01  9.06219836e+00  1.22071447e+00]
 [ 1.16104499e+01  7.16908155e+00 -2.68212000e-03]
 [ 9.67592936e+00  6.23131177e+00  1.22079654e+00]
 [ 7.55659953e+00  6.57863063e+00 -2.64952000e-03]
 [ 6.04711868e+00  8.10282994e+00  1.22072842e+00]
 [ 5.73661707e+00  1.02242093e+01 -2.54751000e-03]
 [ 6.72373783e+00  1.21175590e+01  1.22109659e+00]
 [ 8.65689885e+00  1.30572907e+01 -2.47333000e-03]
 [ 1.07765708e+01  1.27071530e+01  1.22082029e+00]
 [ 1.22867522e+01  1.11843898e+01 -3.05336000e-03]
 [ 1.24059745e+01  8.36521853e+00 -2.83078000e-03]
 [ 1.10321011e+01  6.72107452e+00  1.22041822e+00]
 [ 8.95070070e+00  6.20217929e+00 -3.24578000e-03]
 [ 6.94254982e+00  6.97494505e+00  1.22084553e+00]
 [ 5.79739107e+00  8.78590342e+00 -2.53097000e-03]
 [ 5.92827893e+00  1.09205912e+01  1.22090935e+00]
 [ 7.30075727e+00  1.25673149e+01 -2.16837000e-03]
 [ 9.38237459e+00  1.30836149e+01  1.22153133e+00]
 [ 1.13915659e+01  1.23120488e+01 -2.48262000e-03]
 [ 1.25359538e+01  1.05008087e+01  1.22056780e+00]]

Unit cell:
Cell([[19.1230500920856, -0.786458438781509, -0.00473684487563405], [0.785459901084019, 18.5034761550599, -0.00461234345356856], [-0.00505965426374022, 0.00023807418300801, 2.44677315902897]])

PBCs:
[False False  True]

/home/m/msupxs/.local/lib/python3.9/site-packages/ase/io/aims.py:232: UserWarning: Setting scaled to True because a symmetry_block is detected.
  warnings.warn(
Calculated forces:
[[-3.71954119e-06 -5.53309504e-04  2.45842898e-04]
 [ 2.95820822e-05 -1.24080886e-04  1.55687643e-03]
 [-9.25174576e-04 -8.12515849e-05  2.49082651e-03]
 [-6.39490275e-04  9.76556250e-05  3.01212640e-03]
 [ 2.32863034e-05 -1.73695340e-04  2.63939419e-04]
 [-1.25835778e-04  4.10512055e-04  7.39361635e-04]
 [-3.48162773e-04  8.26660501e-05 -2.60583276e-03]
 [ 9.71518745e-04  1.41411530e-04 -2.23241298e-03]
 [ 1.12721252e-03 -4.55182028e-04 -2.34602186e-03]
 [ 1.40765353e-05 -1.84517188e-04 -1.36545005e-03]
 [ 1.88219197e-04  3.60040941e-04 -8.27920894e-04]
 [-2.63582746e-05 -5.62208607e-05 -2.00942591e-03]
 [ 1.49319032e-03 -2.26120819e-04 -2.26895152e-03]
 [ 6.35093732e-05 -1.83211960e-04 -2.99055521e-03]
 [-1.54009160e-04 -2.74295572e-04  3.67372835e-04]
 [-2.13379338e-04 -1.50943263e-04 -6.01779208e-05]
 [ 4.59110895e-04  4.27014527e-04  2.69140292e-03]
 [-1.41126684e-03  2.00193268e-04  2.50792656e-03]
 [-4.80886000e-04  2.68645345e-04  1.97047067e-03]
 [-4.14234111e-05  4.74689665e-04  8.60602840e-04]]

Calculated energy:
-20742.0061873024
